<?xml version="1.0" encoding="UTF-8"?>
<testsuite name="crypt.base.BaseSignatureTest" tests="1" skipped="0" failures="0" errors="0" timestamp="2017-11-18T18:01:52" hostname="raphael-MS-7816" time="0.001">
  <properties/>
  <testcase name="testGetParam" classname="crypt.base.BaseSignatureTest" time="0.001"/>
  <system-out><![CDATA[]]></system-out>
  <system-err><![CDATA[]]></system-err>
</testsuite>
