<?xml version="1.0" encoding="UTF-8"?>
<testsuite name="rest.impl.SimpleAuthentifierTest" tests="1" skipped="0" failures="0" errors="0" timestamp="2017-11-18T18:02:09" hostname="raphael-MS-7816" time="0.002">
  <properties/>
  <testcase name="idsGetterTest" classname="rest.impl.SimpleAuthentifierTest" time="0.002"/>
  <system-out><![CDATA[]]></system-out>
  <system-err><![CDATA[]]></system-err>
</testsuite>
