<?xml version="1.0" encoding="UTF-8"?>
<testsuite name="model.entity.sigma.AndTest" tests="4" skipped="0" failures="0" errors="0" timestamp="2017-11-18T18:01:56" hostname="raphael-MS-7816" time="0.109">
  <properties/>
  <testcase name="trueVerifyTest" classname="model.entity.sigma.AndTest" time="0.042"/>
  <testcase name="toStringTest" classname="model.entity.sigma.AndTest" time="0.02"/>
  <testcase name="falseVerifyTest2" classname="model.entity.sigma.AndTest" time="0.024"/>
  <testcase name="falseVerifyTest" classname="model.entity.sigma.AndTest" time="0.023"/>
  <system-out><![CDATA[There is a problem in signatures
the challenge is fabricated
the challenge is fabricated
]]></system-out>
  <system-err><![CDATA[]]></system-err>
</testsuite>
