<?xml version="1.0" encoding="UTF-8"?>
<testsuite name="protocol.impl.sigma.ElGamalTest" tests="8" skipped="0" failures="0" errors="0" timestamp="2017-11-18T18:02:09" hostname="raphael-MS-7816" time="0.179">
  <properties/>
  <testcase name="signatureVerifyTest" classname="protocol.impl.sigma.ElGamalTest" time="0.06"/>
  <testcase name="privateKeyNullExceptionTest" classname="protocol.impl.sigma.ElGamalTest" time="0.003"/>
  <testcase name="encryptDecryptTest" classname="protocol.impl.sigma.ElGamalTest" time="0.01"/>
  <testcase name="verifySignatureException0Test" classname="protocol.impl.sigma.ElGamalTest" time="0.003"/>
  <testcase name="verifySignatureException1Test" classname="protocol.impl.sigma.ElGamalTest" time="0.003"/>
  <testcase name="verifySignatureException2Test" classname="protocol.impl.sigma.ElGamalTest" time="0.003"/>
  <testcase name="verifySignatureException3Test" classname="protocol.impl.sigma.ElGamalTest" time="0.077"/>
  <testcase name="encryptForContractTest" classname="protocol.impl.sigma.ElGamalTest" time="0.019"/>
  <system-out><![CDATA[]]></system-out>
  <system-err><![CDATA[]]></system-err>
</testsuite>
