<?xml version="1.0" encoding="UTF-8"?>
<testsuite name="model.entity.sigma.MasksTest" tests="1" skipped="0" failures="0" errors="0" timestamp="2017-11-18T18:01:56" hostname="raphael-MS-7816" time="0.0">
  <properties/>
  <testcase name="getterSetterTest" classname="model.entity.sigma.MasksTest" time="0.0"/>
  <system-out><![CDATA[]]></system-out>
  <system-err><![CDATA[]]></system-err>
</testsuite>
