<?xml version="1.0" encoding="UTF-8"?>
<testsuite name="protocol.impl.sigma.SenderReceiverTest" tests="1" skipped="0" failures="0" errors="0" timestamp="2017-11-18T18:02:08" hostname="raphael-MS-7816" time="0.037">
  <properties/>
  <testcase name="sendingTest" classname="protocol.impl.sigma.SenderReceiverTest" time="0.037"/>
  <system-out><![CDATA[]]></system-out>
  <system-err><![CDATA[]]></system-err>
</testsuite>
