<?xml version="1.0" encoding="UTF-8"?>
<testsuite name="protocol.impl.sigma.ElGamalEncryptTest" tests="2" skipped="0" failures="0" errors="0" timestamp="2017-11-18T18:02:09" hostname="raphael-MS-7816" time="0.0">
  <properties/>
  <testcase name="gettertest" classname="protocol.impl.sigma.ElGamalEncryptTest" time="0.0"/>
  <testcase name="setMTest" classname="protocol.impl.sigma.ElGamalEncryptTest" time="0.0"/>
  <system-out><![CDATA[]]></system-out>
  <system-err><![CDATA[]]></system-err>
</testsuite>
