<?xml version="1.0" encoding="UTF-8"?>
<testsuite name="network.impl.jxta.AdvertisementInstaciatorTest" tests="2" skipped="0" failures="0" errors="0" timestamp="2017-11-18T18:01:41" hostname="raphael-MS-7816" time="0.002">
  <properties/>
  <testcase name="constructionTest" classname="network.impl.jxta.AdvertisementInstaciatorTest" time="0.0"/>
  <testcase name="instantiationTest" classname="network.impl.jxta.AdvertisementInstaciatorTest" time="0.002"/>
  <system-out><![CDATA[]]></system-out>
  <system-err><![CDATA[]]></system-err>
</testsuite>
