<?xml version="1.0" encoding="UTF-8"?>
<testsuite name="crypt.api.key.AsymKeyTest" tests="10" skipped="0" failures="0" errors="0" timestamp="2017-11-18T18:01:52" hostname="raphael-MS-7816" time="0.024">
  <properties/>
  <testcase name="testAsymKey[0]" classname="crypt.api.key.AsymKeyTest" time="0.003"/>
  <testcase name="testAsymKey[1]" classname="crypt.api.key.AsymKeyTest" time="0.002"/>
  <testcase name="testAsymKey[2]" classname="crypt.api.key.AsymKeyTest" time="0.003"/>
  <testcase name="testAsymKey[3]" classname="crypt.api.key.AsymKeyTest" time="0.002"/>
  <testcase name="testAsymKey[4]" classname="crypt.api.key.AsymKeyTest" time="0.002"/>
  <testcase name="testAsymKey[5]" classname="crypt.api.key.AsymKeyTest" time="0.002"/>
  <testcase name="testAsymKey[6]" classname="crypt.api.key.AsymKeyTest" time="0.002"/>
  <testcase name="testAsymKey[7]" classname="crypt.api.key.AsymKeyTest" time="0.002"/>
  <testcase name="testAsymKey[8]" classname="crypt.api.key.AsymKeyTest" time="0.002"/>
  <testcase name="testAsymKey[9]" classname="crypt.api.key.AsymKeyTest" time="0.002"/>
  <system-out><![CDATA[]]></system-out>
  <system-err><![CDATA[]]></system-err>
</testsuite>
