<?xml version="1.0" encoding="UTF-8"?>
<testsuite name="crypt.ElGamalEngineTestK" tests="3" skipped="0" failures="0" errors="0" timestamp="2017-11-18T18:01:52" hostname="raphael-MS-7816" time="0.151">
  <properties/>
  <testcase name="badParamsException1" classname="crypt.ElGamalEngineTestK" time="0.0"/>
  <testcase name="badParamsException2" classname="crypt.ElGamalEngineTestK" time="0.0"/>
  <testcase name="performTest" classname="crypt.ElGamalEngineTestK" time="0.15"/>
  <system-out><![CDATA[]]></system-out>
  <system-err><![CDATA[]]></system-err>
</testsuite>
