<?xml version="1.0" encoding="UTF-8"?>
<testsuite name="model.entity.sigma.ResponsesCCDTest" tests="2" skipped="0" failures="0" errors="0" timestamp="2017-11-18T18:01:56" hostname="raphael-MS-7816" time="0.067">
  <properties/>
  <testcase name="verifyTest" classname="model.entity.sigma.ResponsesCCDTest" time="0.042"/>
  <testcase name="equalTest" classname="model.entity.sigma.ResponsesCCDTest" time="0.024"/>
  <system-out><![CDATA[]]></system-out>
  <system-err><![CDATA[]]></system-err>
</testsuite>
