<?xml version="1.0" encoding="UTF-8"?>
<testsuite name="network.utils.IpCheckerTest" tests="1" skipped="0" failures="0" errors="0" timestamp="2017-11-18T18:01:37" hostname="raphael-MS-7816" time="0.315">
  <properties/>
  <testcase name="test" classname="network.utils.IpCheckerTest" time="0.315"/>
  <system-out><![CDATA[]]></system-out>
  <system-err><![CDATA[]]></system-err>
</testsuite>
