<?xml version="1.0" encoding="UTF-8"?>
<testsuite name="protocol.impl.sigma.UtilsTest" tests="5" skipped="0" failures="0" errors="0" timestamp="2017-11-18T18:02:09" hostname="raphael-MS-7816" time="0.016">
  <properties/>
  <testcase name="negativeLimitTest" classname="protocol.impl.sigma.UtilsTest" time="0.0"/>
  <testcase name="zeroRandTest" classname="protocol.impl.sigma.UtilsTest" time="0.001"/>
  <testcase name="toHexTest" classname="protocol.impl.sigma.UtilsTest" time="0.003"/>
  <testcase name="randGetOneTest" classname="protocol.impl.sigma.UtilsTest" time="0.005"/>
  <testcase name="randTest" classname="protocol.impl.sigma.UtilsTest" time="0.0"/>
  <system-out><![CDATA[]]></system-out>
  <system-err><![CDATA[]]></system-err>
</testsuite>
