<?xml version="1.0" encoding="UTF-8"?>
<testsuite name="protocol.impl.sigma.FabricTest" tests="1" skipped="0" failures="0" errors="0" timestamp="2017-11-18T18:02:09" hostname="raphael-MS-7816" time="0.02">
  <properties/>
  <testcase name="sendResponsesTest" classname="protocol.impl.sigma.FabricTest" time="0.02"/>
  <system-out><![CDATA[]]></system-out>
  <system-err><![CDATA[]]></system-err>
</testsuite>
