<?xml version="1.0" encoding="UTF-8"?>
<testsuite name="controller.managers.CryptoItemManagerDecoratorTest" tests="7" skipped="0" failures="0" errors="0" timestamp="2017-11-18T18:02:21" hostname="raphael-MS-7816" time="0.271">
  <properties/>
  <testcase name="test_A_PERSIST_and_END_function" classname="controller.managers.CryptoItemManagerDecoratorTest" time="0.147"/>
  <testcase name="test_B_check_Signature_Item" classname="controller.managers.CryptoItemManagerDecoratorTest" time="0.01"/>
  <testcase name="test_C_findAllByAttribute" classname="controller.managers.CryptoItemManagerDecoratorTest" time="0.019"/>
  <testcase name="test_D_findOneById" classname="controller.managers.CryptoItemManagerDecoratorTest" time="0.021"/>
  <testcase name="test_E_findOneByAttribute" classname="controller.managers.CryptoItemManagerDecoratorTest" time="0.019"/>
  <testcase name="test_F_getItemWithBadSignature" classname="controller.managers.CryptoItemManagerDecoratorTest" time="0.035"/>
  <testcase name="test_Z_cleanItems" classname="controller.managers.CryptoItemManagerDecoratorTest" time="0.019"/>
  <system-out><![CDATA[]]></system-out>
  <system-err><![CDATA[]]></system-err>
</testsuite>
