<?xml version="1.0" encoding="UTF-8"?>
<testsuite name="protocol.impl.sigma.SenderTest" tests="3" skipped="0" failures="0" errors="0" timestamp="2017-11-18T18:02:08" hostname="raphael-MS-7816" time="0.058">
  <properties/>
  <testcase name="getKeyTest" classname="protocol.impl.sigma.SenderTest" time="0.004"/>
  <testcase name="schnorrResponseTest" classname="protocol.impl.sigma.SenderTest" time="0.018"/>
  <testcase name="CCEResponseTest" classname="protocol.impl.sigma.SenderTest" time="0.036"/>
  <system-out><![CDATA[]]></system-out>
  <system-err><![CDATA[]]></system-err>
</testsuite>
