<?xml version="1.0" encoding="UTF-8"?>
<testsuite name="protocol.impl.sigma.ReceiverTest" tests="2" skipped="0" failures="0" errors="0" timestamp="2017-11-18T18:02:09" hostname="raphael-MS-7816" time="0.082">
  <properties/>
  <testcase name="singleResponseVerifyTest" classname="protocol.impl.sigma.ReceiverTest" time="0.03"/>
  <testcase name="multipleResponseVerifyTest" classname="protocol.impl.sigma.ReceiverTest" time="0.052"/>
  <system-out><![CDATA[]]></system-out>
  <system-err><![CDATA[]]></system-err>
</testsuite>
