<?xml version="1.0" encoding="UTF-8"?>
<testsuite name="protocol.impl.sigma.SigmaContractTest" tests="9" skipped="0" failures="0" errors="0" timestamp="2017-11-18T18:02:08" hostname="raphael-MS-7816" time="0.971">
  <properties/>
  <testcase name="setPartiesTest" classname="protocol.impl.sigma.SigmaContractTest" time="0.12"/>
  <testcase name="clausesGetterTest" classname="protocol.impl.sigma.SigmaContractTest" time="0.0"/>
  <testcase name="finalizedTest" classname="protocol.impl.sigma.SigmaContractTest" time="0.436"/>
  <testcase name="getSetStatusTest" classname="protocol.impl.sigma.SigmaContractTest" time="0.001"/>
  <testcase name="getSetWishTest" classname="protocol.impl.sigma.SigmaContractTest" time="0.0"/>
  <testcase name="equalsTest" classname="protocol.impl.sigma.SigmaContractTest" time="0.0"/>
  <testcase name="addSignatureExceptionTest1" classname="protocol.impl.sigma.SigmaContractTest" time="0.029"/>
  <testcase name="addSignatureExceptionTest2" classname="protocol.impl.sigma.SigmaContractTest" time="0.029"/>
  <testcase name="badFinalizationTest" classname="protocol.impl.sigma.SigmaContractTest" time="0.355"/>
  <system-out><![CDATA[]]></system-out>
  <system-err><![CDATA[]]></system-err>
</testsuite>
