<?xml version="1.0" encoding="UTF-8"?>
<testsuite name="network.impl.advertisement.ItemAdvertisementTest" tests="4" skipped="0" failures="0" errors="0" timestamp="2017-11-18T18:01:40" hostname="raphael-MS-7816" time="0.022">
  <properties/>
  <testcase name="getterTest" classname="network.impl.advertisement.ItemAdvertisementTest" time="0.0"/>
  <testcase name="classAnnotationsTest" classname="network.impl.advertisement.ItemAdvertisementTest" time="0.003"/>
  <testcase name="publishTest" classname="network.impl.advertisement.ItemAdvertisementTest" time="0.017"/>
  <testcase name="fieldsAnnotationsTest" classname="network.impl.advertisement.ItemAdvertisementTest" time="0.001"/>
  <system-out><![CDATA[Group created !
creating new group ..
]]></system-out>
  <system-err><![CDATA[]]></system-err>
</testsuite>
