<?xml version="1.0" encoding="UTF-8"?>
<testsuite name="network.impl.MessagesGenericTest" tests="1" skipped="0" failures="0" errors="0" timestamp="2017-11-18T18:01:43" hostname="raphael-MS-7816" time="0.005">
  <properties/>
  <testcase name="getterTest" classname="network.impl.MessagesGenericTest" time="0.005"/>
  <system-out><![CDATA[]]></system-out>
  <system-err><![CDATA[]]></system-err>
</testsuite>
