<?xml version="1.0" encoding="UTF-8"?>
<testsuite name="protocol.impl.sigma.PCSTest" tests="4" skipped="0" failures="0" errors="0" timestamp="2017-11-18T18:02:09" hostname="raphael-MS-7816" time="0.05">
  <properties/>
  <testcase name="TestAa" classname="protocol.impl.sigma.PCSTest" time="0.012"/>
  <testcase name="TestAb" classname="protocol.impl.sigma.PCSTest" time="0.012"/>
  <testcase name="TestBa" classname="protocol.impl.sigma.PCSTest" time="0.013"/>
  <testcase name="TestBb" classname="protocol.impl.sigma.PCSTest" time="0.013"/>
  <system-out><![CDATA[---- Begining ----
 -->No need to worry, the following 3 lines are meant to be
---- END ----

---- Begining ----
 -->No need to worry, the following 3 lines are meant to be
---- END ----
]]></system-out>
  <system-err><![CDATA[]]></system-err>
</testsuite>
