<?xml version="1.0" encoding="UTF-8"?>
<testsuite name="controller.managers.CryptoUserManagerDecoratorTest" tests="4" skipped="0" failures="0" errors="0" timestamp="2017-11-15T13:33:06" hostname="raphael-laptop" time="1.007">
  <properties/>
  <testcase name="test_A_PERSIST_and_END_function" classname="controller.managers.CryptoUserManagerDecoratorTest" time="0.362"/>
  <testcase name="test_C_Hashed_Password_User" classname="controller.managers.CryptoUserManagerDecoratorTest" time="0.02"/>
  <testcase name="test_C_check_Signature_User" classname="controller.managers.CryptoUserManagerDecoratorTest" time="0.035"/>
  <testcase name="test_Z_cleanUsers" classname="controller.managers.CryptoUserManagerDecoratorTest" time="0.589"/>
  <system-out><![CDATA[]]></system-out>
  <system-err><![CDATA[]]></system-err>
</testsuite>
