<?xml version="1.0" encoding="UTF-8"?>
<testsuite name="model.entity.sigma.ResponsesCCETest" tests="2" skipped="0" failures="0" errors="0" timestamp="2017-10-14T14:38:48" hostname="raphael-laptop" time="0.258">
  <properties/>
  <testcase name="verifyTest" classname="model.entity.sigma.ResponsesCCETest" time="0.139"/>
  <testcase name="equalTest" classname="model.entity.sigma.ResponsesCCETest" time="0.119"/>
  <system-out><![CDATA[CCE verification failed on test 2
CCE verification failed on test 1
]]></system-out>
  <system-err><![CDATA[]]></system-err>
</testsuite>
