<?xml version="1.0" encoding="UTF-8"?>
<testsuite name="crypt.api.key.AsymKeyTest" tests="10" skipped="0" failures="0" errors="0" timestamp="2017-11-09T16:25:21" hostname="raphael-laptop" time="0.129">
  <properties/>
  <testcase name="testAsymKey[0]" classname="crypt.api.key.AsymKeyTest" time="0.012"/>
  <testcase name="testAsymKey[1]" classname="crypt.api.key.AsymKeyTest" time="0.016"/>
  <testcase name="testAsymKey[2]" classname="crypt.api.key.AsymKeyTest" time="0.01"/>
  <testcase name="testAsymKey[3]" classname="crypt.api.key.AsymKeyTest" time="0.01"/>
  <testcase name="testAsymKey[4]" classname="crypt.api.key.AsymKeyTest" time="0.014"/>
  <testcase name="testAsymKey[5]" classname="crypt.api.key.AsymKeyTest" time="0.022"/>
  <testcase name="testAsymKey[6]" classname="crypt.api.key.AsymKeyTest" time="0.01"/>
  <testcase name="testAsymKey[7]" classname="crypt.api.key.AsymKeyTest" time="0.012"/>
  <testcase name="testAsymKey[8]" classname="crypt.api.key.AsymKeyTest" time="0.008"/>
  <testcase name="testAsymKey[9]" classname="crypt.api.key.AsymKeyTest" time="0.009"/>
  <system-out><![CDATA[]]></system-out>
  <system-err><![CDATA[]]></system-err>
</testsuite>
