<?xml version="1.0" encoding="UTF-8"?>
<testsuite name="protocol.impl.SigmaEstablisherTest" tests="5" skipped="0" failures="0" errors="0" timestamp="2017-11-15T13:31:52" hostname="raphael-laptop" time="41.372">
  <properties/>
  <testcase name="TestA" classname="protocol.impl.SigmaEstablisherTest" time="9.887"/>
  <testcase name="TestB" classname="protocol.impl.SigmaEstablisherTest" time="5.686"/>
  <testcase name="TestC" classname="protocol.impl.SigmaEstablisherTest" time="8.033"/>
  <testcase name="TestD" classname="protocol.impl.SigmaEstablisherTest" time="9.261"/>
  <testcase name="TestE" classname="protocol.impl.SigmaEstablisherTest" time="8.498"/>
  <system-out><![CDATA[jxta will run on port 9800
server added :tcp://145.239.76.112:9800
server added :tcp://localhost:9800
Group created !

 START Services 

creating new group ..
creating new group ..
creating new group ..
creating new group ..
creating new group ..
creating new group ..
creating new group ..
Keystore already exist
[EL Info]: connection: 2017-11-15 14:31:53.987--ServerSession(287586667)--/file:/home/raphael/git/SXP/build/resources/main/_persistence logout successful
[EL Info]: 2017-11-15 14:31:54.257--ServerSession(424882713)--EclipseLink, version: Eclipse Persistence Services - 2.6.3.v20160218-180e602
[EL Info]: connection: 2017-11-15 14:31:54.288--ServerSession(424882713)--/file:/home/raphael/git/SXP/build/resources/main/_persistence login successful
Sending Round : 1 : by 0
Sending Round : 1 : by 1
Sending Round : 2 : by 0
Sending Round : 2 : by 1
Sending Round : 3 : by 0
Sending Round : 3 : by 1
[EL Info]: connection: 2017-11-15 14:31:59.933--ServerSession(424882713)--/file:/home/raphael/git/SXP/build/resources/main/_persistence logout successful
Sending Round : 4 : by 0
--- CONTRACT FINALIZED -- id : 1
[EL Info]: 2017-11-15 14:32:02.251--ServerSession(786675359)--EclipseLink, version: Eclipse Persistence Services - 2.6.3.v20160218-180e602
[EL Info]: connection: 2017-11-15 14:32:02.271--ServerSession(786675359)--/file:/home/raphael/git/SXP/build/resources/main/_persistence login successful
Sending Round : 1 : by 0
Sending Round : 1 : by 1
Signature cancelled
Signature cancelled
--- Sending resolve request to Trent --- Round : 0
Sending Round : 1 : by 1
Sending Round : 1 : by 0
Sending Round : 2 : by 0
[EL Info]: connection: 2017-11-15 14:32:10.802--ServerSession(786675359)--/file:/home/raphael/git/SXP/build/resources/main/_persistence logout successful
CONTRACT FINALIZED
CONTRACT FINALIZED
--- Sending resolve request to Trent --- Round : 1
[EL Info]: 2017-11-15 14:32:15.989--ServerSession(1275560015)--EclipseLink, version: Eclipse Persistence Services - 2.6.3.v20160218-180e602
[EL Info]: connection: 2017-11-15 14:32:16.0--ServerSession(1275560015)--/file:/home/raphael/git/SXP/build/resources/main/_persistence login successful
Sending Round : 1 : by 1
--- Sending resolve request to Trent --- Round : 0
Sending Round : 1 : by 0
--- Sending resolve request to Trent --- Round : 0
Sending Round : 2 : by 1
--- Sending resolve request to Trent --- Round : 1
Sending Round : 2 : by 0
--- Sending resolve request to Trent --- Round : 1
[EL Info]: connection: 2017-11-15 14:32:21.223--ServerSession(1275560015)--/file:/home/raphael/git/SXP/build/resources/main/_persistence logout successful
[EL Info]: 2017-11-15 14:32:21.294--ServerSession(1366645925)--EclipseLink, version: Eclipse Persistence Services - 2.6.3.v20160218-180e602
[EL Info]: connection: 2017-11-15 14:32:21.303--ServerSession(1366645925)--/file:/home/raphael/git/SXP/build/resources/main/_persistence login successful
Sending Round : 3 : by 1
Sending Round : 3 : by 0
Sending Round : 4 : by 1
Sending Round : 4 : by 0
--- CONTRACT FINALIZED -- id : 1
Sending Round : 1 : by 1
Sending Round : 1 : by 0
--- Sending resolve request to Trent --- Round : 0
Sending Round : 2 : by 0
Sending Round : 2 : by 1
[EL Info]: connection: 2017-11-15 14:32:28.08--ServerSession(1366645925)--/file:/home/raphael/git/SXP/build/resources/main/_persistence logout successful
Sending Round : 3 : by 0
--- Sending resolve request to Trent --- Round : 1
[EL Info]: 2017-11-15 14:32:29.132--ServerSession(112569620)--EclipseLink, version: Eclipse Persistence Services - 2.6.3.v20160218-180e602
[EL Info]: connection: 2017-11-15 14:32:29.166--ServerSession(112569620)--/file:/home/raphael/git/SXP/build/resources/main/_persistence login successful
Sending Round : 3 : by 1
Sending Round : 4 : by 0
--- CONTRACT FINALIZED -- id : 1
Sending Round : 4 : by 1
--- CONTRACT FINALIZED -- id : 0
]]></system-out>
  <system-err><![CDATA[2017-11-15 14:31:50.724:INFO::Test worker: Logging initialized @45121ms
2017-11-15 14:31:52.896:INFO:oejs.Server:Thread-7: jetty-9.3.22.v20171030
Nov 15, 2017 2:31:55 PM org.glassfish.jersey.server.ApplicationHandler initialize
INFO: Initiating Jersey application, version Jersey: 2.7 2014-03-12 18:11:31...
Nov 15, 2017 2:31:57 PM org.glassfish.jersey.server.ApplicationHandler initialize
INFO: Initiating Jersey application, version Jersey: 2.7 2014-03-12 18:11:31...
Nov 15, 2017 2:31:58 PM org.glassfish.jersey.internal.Errors logErrors
WARNING: The following warnings have been detected: WARNING: The (sub)resource method add in controller.Messages contains empty path annotation.
WARNING: The (sub)resource method get in controller.Messages contains empty path annotation.

Nov 15, 2017 2:31:58 PM org.glassfish.jersey.server.ApplicationHandler initialize
INFO: Initiating Jersey application, version Jersey: 2.7 2014-03-12 18:11:31...
Nov 15, 2017 2:31:58 PM org.glassfish.jersey.internal.Errors logErrors
WARNING: The following warnings have been detected: WARNING: The (sub)resource method add in controller.Items contains empty path annotation.
WARNING: The (sub)resource method get in controller.Items contains empty path annotation.

Nov 15, 2017 2:31:58 PM org.glassfish.jersey.server.ApplicationHandler initialize
INFO: Initiating Jersey application, version Jersey: 2.7 2014-03-12 18:11:31...
Nov 15, 2017 2:31:59 PM org.glassfish.jersey.internal.Errors logErrors
WARNING: The following warnings have been detected: WARNING: The (sub)resource method get in controller.Users contains empty path annotation.
WARNING: The (sub)resource method add in controller.Users contains empty path annotation.

Nov 15, 2017 2:31:59 PM org.glassfish.jersey.server.ApplicationHandler initialize
INFO: Initiating Jersey application, version Jersey: 2.7 2014-03-12 18:11:31...
Nov 15, 2017 2:31:59 PM org.glassfish.jersey.internal.Errors logErrors
WARNING: The following warnings have been detected: WARNING: The (sub)resource method add in controller.Contracts contains empty path annotation.
WARNING: The (sub)resource method get in controller.Contracts contains empty path annotation.

Nov 15, 2017 2:31:59 PM org.glassfish.jersey.server.ApplicationHandler initialize
INFO: Initiating Jersey application, version Jersey: 2.7 2014-03-12 18:11:31...
Nov 15, 2017 2:32:00 PM org.glassfish.jersey.server.ApplicationHandler initialize
INFO: Initiating Jersey application, version Jersey: 2.7 2014-03-12 18:11:31...
2017-11-15 14:32:00.330:INFO:oejsh.ContextHandler:Thread-7: Started o.e.j.s.ServletContextHandler@a752e0d{/,null,AVAILABLE}
2017-11-15 14:32:00.365:INFO:oejus.SslContextFactory:Thread-7: x509=X509@692362b6(sxp,h=[],w=[]) for SslContextFactory@35ed8143(file:///home/raphael/git/SXP/keystore.jks,null)
2017-11-15 14:32:00.580:INFO:oejs.AbstractConnector:Thread-7: Started ServerConnector@e47f785{SSL,[ssl, http/1.1]}{0.0.0.0:5602}
2017-11-15 14:32:00.593:INFO:oejs.Server:Thread-7: Started @54991ms
]]></system-err>
</testsuite>
