<?xml version="1.0" encoding="UTF-8"?>
<testsuite name="protocol.impl.sigma.ElGamalTest" tests="8" skipped="0" failures="0" errors="0" timestamp="2017-11-09T16:26:24" hostname="raphael-laptop" time="1.212">
  <properties/>
  <testcase name="signatureVerifyTest" classname="protocol.impl.sigma.ElGamalTest" time="0.448"/>
  <testcase name="privateKeyNullExceptionTest" classname="protocol.impl.sigma.ElGamalTest" time="0.012"/>
  <testcase name="encryptDecryptTest" classname="protocol.impl.sigma.ElGamalTest" time="0.043"/>
  <testcase name="verifySignatureException0Test" classname="protocol.impl.sigma.ElGamalTest" time="0.013"/>
  <testcase name="verifySignatureException1Test" classname="protocol.impl.sigma.ElGamalTest" time="0.023"/>
  <testcase name="verifySignatureException2Test" classname="protocol.impl.sigma.ElGamalTest" time="0.018"/>
  <testcase name="verifySignatureException3Test" classname="protocol.impl.sigma.ElGamalTest" time="0.574"/>
  <testcase name="encryptForContractTest" classname="protocol.impl.sigma.ElGamalTest" time="0.076"/>
  <system-out><![CDATA[]]></system-out>
  <system-err><![CDATA[]]></system-err>
</testsuite>
