<?xml version="1.0" encoding="UTF-8"?>
<testsuite name="model.validator.ItemValidatorTest" tests="7" skipped="0" failures="0" errors="0" timestamp="2017-10-14T14:38:27" hostname="raphael-laptop" time="0.521">
  <properties/>
  <testcase name="signatureValidationTest" classname="model.validator.ItemValidatorTest" time="0.036"/>
  <testcase name="badUsernameValidationTest" classname="model.validator.ItemValidatorTest" time="0.147"/>
  <testcase name="badTitleValidationTest" classname="model.validator.ItemValidatorTest" time="0.162"/>
  <testcase name="badpbKeyValidationTest" classname="model.validator.ItemValidatorTest" time="0.043"/>
  <testcase name="badDateValidationTest" classname="model.validator.ItemValidatorTest" time="0.022"/>
  <testcase name="badDescriptionValidationTest" classname="model.validator.ItemValidatorTest" time="0.077"/>
  <testcase name="badUseridValidationTest" classname="model.validator.ItemValidatorTest" time="0.022"/>
  <system-out><![CDATA[]]></system-out>
  <system-err><![CDATA[]]></system-err>
</testsuite>
