<?xml version="1.0" encoding="UTF-8"?>
<testsuite name="network.impl.advertisement.UserAdvertisementTest" tests="2" skipped="0" failures="0" errors="0" timestamp="2017-11-09T16:27:18" hostname="raphael-laptop" time="0.002">
  <properties/>
  <testcase name="getterTest" classname="network.impl.advertisement.UserAdvertisementTest" time="0.001"/>
  <testcase name="fieldsAnnotationsTest" classname="network.impl.advertisement.UserAdvertisementTest" time="0.001"/>
  <system-out><![CDATA[]]></system-out>
  <system-err><![CDATA[Nov 09, 2017 5:27:18 PM net.jxta.logging.Logging logCheckedSevere
SEVERE: Line 1421 net.jxta.impl.rendezvous.rpv.PeerView.rescheduleKick()
Cannot set timer. RPV will not work.
java.util.concurrent.RejectedExecutionException: Task java.util.concurrent.ScheduledThreadPoolExecutor$ScheduledFutureTask@28f0f6fc rejected from java.util.concurrent.ScheduledThreadPoolExecutor@52c011ed[Terminated, pool size = 0, active threads = 0, queued tasks = 0, completed tasks = 3]
Line 2063 java.util.concurrent.ThreadPoolExecutor$AbortPolicy.rejectedExecution()
Line 830 java.util.concurrent.ThreadPoolExecutor.reject()
Line 326 java.util.concurrent.ScheduledThreadPoolExecutor.delayedExecute()
Line 533 java.util.concurrent.ScheduledThreadPoolExecutor.schedule()
Line 729 java.util.concurrent.Executors$DelegatedScheduledExecutorService.schedule()
Line 124 net.jxta.impl.util.threads.ProxiedScheduledExecutorService.schedule()
Line 930 net.jxta.impl.rendezvous.rpv.PeerView.addTask()
Line 1417 net.jxta.impl.rendezvous.rpv.PeerView.rescheduleKick()
Line 1303 net.jxta.impl.rendezvous.rpv.PeerView.notifyFailure()
Line 380 net.jxta.impl.rendezvous.rpv.PeerViewElement.getCachedMessenger()
Line 292 net.jxta.impl.rendezvous.rpv.PeerViewElement.sendMessage()
Line 1101 net.jxta.impl.rendezvous.rpv.PeerView.send()
Line 740 net.jxta.impl.rendezvous.rpv.PeerView.handlePeerViewMessage()
Line 666 net.jxta.impl.rendezvous.rpv.PeerView.processIncomingMessage()
Line 1024 net.jxta.impl.endpoint.EndpointServiceImpl.processIncomingMessage()
Line 767 net.jxta.impl.endpoint.mcast.McastTransport.processMulticast()
Line 890 net.jxta.impl.endpoint.mcast.McastTransport$DatagramProcessor.run()
Line 17 net.jxta.impl.util.threads.RunnableAsCallableWrapper.call()
Line 50 net.jxta.impl.util.threads.RunMetricsWrapper.call()
Line 34 net.jxta.impl.util.threads.QueueTimeRunMetricsWrapper.call()
Line 93 net.jxta.impl.util.threads.RunMetricsWrapper.run()
Line 9 net.jxta.impl.util.threads.QueueTimeRunMetricsWrapper.run()
Line 1149 java.util.concurrent.ThreadPoolExecutor.runWorker()
Line 624 java.util.concurrent.ThreadPoolExecutor$Worker.run()
Line 748 java.lang.Thread.run()

Nov 09, 2017 5:27:18 PM net.jxta.logging.Logging logCheckedSevere
SEVERE: Line 1421 net.jxta.impl.rendezvous.rpv.PeerView.rescheduleKick()
Cannot set timer. RPV will not work.
java.util.concurrent.RejectedExecutionException: Task java.util.concurrent.ScheduledThreadPoolExecutor$ScheduledFutureTask@1e01f7bd rejected from java.util.concurrent.ScheduledThreadPoolExecutor@3f75e707[Terminated, pool size = 0, active threads = 0, queued tasks = 0, completed tasks = 4]
Line 2063 java.util.concurrent.ThreadPoolExecutor$AbortPolicy.rejectedExecution()
Line 830 java.util.concurrent.ThreadPoolExecutor.reject()
Line 326 java.util.concurrent.ScheduledThreadPoolExecutor.delayedExecute()
Line 533 java.util.concurrent.ScheduledThreadPoolExecutor.schedule()
Line 729 java.util.concurrent.Executors$DelegatedScheduledExecutorService.schedule()
Line 124 net.jxta.impl.util.threads.ProxiedScheduledExecutorService.schedule()
Line 930 net.jxta.impl.rendezvous.rpv.PeerView.addTask()
Line 1417 net.jxta.impl.rendezvous.rpv.PeerView.rescheduleKick()
Line 1303 net.jxta.impl.rendezvous.rpv.PeerView.notifyFailure()
Line 380 net.jxta.impl.rendezvous.rpv.PeerViewElement.getCachedMessenger()
Line 292 net.jxta.impl.rendezvous.rpv.PeerViewElement.sendMessage()
Line 1101 net.jxta.impl.rendezvous.rpv.PeerView.send()
Line 740 net.jxta.impl.rendezvous.rpv.PeerView.handlePeerViewMessage()
Line 666 net.jxta.impl.rendezvous.rpv.PeerView.processIncomingMessage()
Line 1024 net.jxta.impl.endpoint.EndpointServiceImpl.processIncomingMessage()
Line 767 net.jxta.impl.endpoint.mcast.McastTransport.processMulticast()
Line 890 net.jxta.impl.endpoint.mcast.McastTransport$DatagramProcessor.run()
Line 17 net.jxta.impl.util.threads.RunnableAsCallableWrapper.call()
Line 50 net.jxta.impl.util.threads.RunMetricsWrapper.call()
Line 34 net.jxta.impl.util.threads.QueueTimeRunMetricsWrapper.call()
Line 93 net.jxta.impl.util.threads.RunMetricsWrapper.run()
Line 9 net.jxta.impl.util.threads.QueueTimeRunMetricsWrapper.run()
Line 1149 java.util.concurrent.ThreadPoolExecutor.runWorker()
Line 624 java.util.concurrent.ThreadPoolExecutor$Worker.run()
Line 748 java.lang.Thread.run()

Nov 09, 2017 5:27:18 PM net.jxta.logging.Logging logCheckedSevere
SEVERE: Line 1421 net.jxta.impl.rendezvous.rpv.PeerView.rescheduleKick()
Cannot set timer. RPV will not work.
java.util.concurrent.RejectedExecutionException: Task java.util.concurrent.ScheduledThreadPoolExecutor$ScheduledFutureTask@7f635316 rejected from java.util.concurrent.ScheduledThreadPoolExecutor@7a24c164[Terminated, pool size = 0, active threads = 0, queued tasks = 0, completed tasks = 52]
Line 2063 java.util.concurrent.ThreadPoolExecutor$AbortPolicy.rejectedExecution()
Line 830 java.util.concurrent.ThreadPoolExecutor.reject()
Line 326 java.util.concurrent.ScheduledThreadPoolExecutor.delayedExecute()
Line 533 java.util.concurrent.ScheduledThreadPoolExecutor.schedule()
Line 729 java.util.concurrent.Executors$DelegatedScheduledExecutorService.schedule()
Line 124 net.jxta.impl.util.threads.ProxiedScheduledExecutorService.schedule()
Line 930 net.jxta.impl.rendezvous.rpv.PeerView.addTask()
Line 1417 net.jxta.impl.rendezvous.rpv.PeerView.rescheduleKick()
Line 1303 net.jxta.impl.rendezvous.rpv.PeerView.notifyFailure()
Line 380 net.jxta.impl.rendezvous.rpv.PeerViewElement.getCachedMessenger()
Line 292 net.jxta.impl.rendezvous.rpv.PeerViewElement.sendMessage()
Line 1101 net.jxta.impl.rendezvous.rpv.PeerView.send()
Line 740 net.jxta.impl.rendezvous.rpv.PeerView.handlePeerViewMessage()
Line 666 net.jxta.impl.rendezvous.rpv.PeerView.processIncomingMessage()
Line 1024 net.jxta.impl.endpoint.EndpointServiceImpl.processIncomingMessage()
Line 767 net.jxta.impl.endpoint.mcast.McastTransport.processMulticast()
Line 890 net.jxta.impl.endpoint.mcast.McastTransport$DatagramProcessor.run()
Line 17 net.jxta.impl.util.threads.RunnableAsCallableWrapper.call()
Line 50 net.jxta.impl.util.threads.RunMetricsWrapper.call()
Line 34 net.jxta.impl.util.threads.QueueTimeRunMetricsWrapper.call()
Line 93 net.jxta.impl.util.threads.RunMetricsWrapper.run()
Line 9 net.jxta.impl.util.threads.QueueTimeRunMetricsWrapper.run()
Line 1149 java.util.concurrent.ThreadPoolExecutor.runWorker()
Line 624 java.util.concurrent.ThreadPoolExecutor$Worker.run()
Line 748 java.lang.Thread.run()

Nov 09, 2017 5:27:18 PM net.jxta.logging.Logging logCheckedSevere
SEVERE: Line 1421 net.jxta.impl.rendezvous.rpv.PeerView.rescheduleKick()
Cannot set timer. RPV will not work.
java.util.concurrent.RejectedExecutionException: Task java.util.concurrent.ScheduledThreadPoolExecutor$ScheduledFutureTask@1234f96 rejected from java.util.concurrent.ScheduledThreadPoolExecutor@40af5c74[Terminated, pool size = 0, active threads = 0, queued tasks = 0, completed tasks = 3]
Line 2063 java.util.concurrent.ThreadPoolExecutor$AbortPolicy.rejectedExecution()
Line 830 java.util.concurrent.ThreadPoolExecutor.reject()
Line 326 java.util.concurrent.ScheduledThreadPoolExecutor.delayedExecute()
Line 533 java.util.concurrent.ScheduledThreadPoolExecutor.schedule()
Line 729 java.util.concurrent.Executors$DelegatedScheduledExecutorService.schedule()
Line 124 net.jxta.impl.util.threads.ProxiedScheduledExecutorService.schedule()
Line 930 net.jxta.impl.rendezvous.rpv.PeerView.addTask()
Line 1417 net.jxta.impl.rendezvous.rpv.PeerView.rescheduleKick()
Line 1303 net.jxta.impl.rendezvous.rpv.PeerView.notifyFailure()
Line 380 net.jxta.impl.rendezvous.rpv.PeerViewElement.getCachedMessenger()
Line 292 net.jxta.impl.rendezvous.rpv.PeerViewElement.sendMessage()
Line 1101 net.jxta.impl.rendezvous.rpv.PeerView.send()
Line 740 net.jxta.impl.rendezvous.rpv.PeerView.handlePeerViewMessage()
Line 666 net.jxta.impl.rendezvous.rpv.PeerView.processIncomingMessage()
Line 1024 net.jxta.impl.endpoint.EndpointServiceImpl.processIncomingMessage()
Line 767 net.jxta.impl.endpoint.mcast.McastTransport.processMulticast()
Line 890 net.jxta.impl.endpoint.mcast.McastTransport$DatagramProcessor.run()
Line 17 net.jxta.impl.util.threads.RunnableAsCallableWrapper.call()
Line 50 net.jxta.impl.util.threads.RunMetricsWrapper.call()
Line 34 net.jxta.impl.util.threads.QueueTimeRunMetricsWrapper.call()
Line 93 net.jxta.impl.util.threads.RunMetricsWrapper.run()
Line 9 net.jxta.impl.util.threads.QueueTimeRunMetricsWrapper.run()
Line 1149 java.util.concurrent.ThreadPoolExecutor.runWorker()
Line 624 java.util.concurrent.ThreadPoolExecutor$Worker.run()
Line 748 java.lang.Thread.run()

Nov 09, 2017 5:27:18 PM net.jxta.logging.Logging logCheckedSevere
SEVERE: Line 1421 net.jxta.impl.rendezvous.rpv.PeerView.rescheduleKick()
Cannot set timer. RPV will not work.
java.util.concurrent.RejectedExecutionException: Task java.util.concurrent.ScheduledThreadPoolExecutor$ScheduledFutureTask@24b7ee26 rejected from java.util.concurrent.ScheduledThreadPoolExecutor@62917e37[Terminated, pool size = 0, active threads = 0, queued tasks = 0, completed tasks = 43]
Line 2063 java.util.concurrent.ThreadPoolExecutor$AbortPolicy.rejectedExecution()
Line 830 java.util.concurrent.ThreadPoolExecutor.reject()
Line 326 java.util.concurrent.ScheduledThreadPoolExecutor.delayedExecute()
Line 533 java.util.concurrent.ScheduledThreadPoolExecutor.schedule()
Line 729 java.util.concurrent.Executors$DelegatedScheduledExecutorService.schedule()
Line 124 net.jxta.impl.util.threads.ProxiedScheduledExecutorService.schedule()
Line 930 net.jxta.impl.rendezvous.rpv.PeerView.addTask()
Line 1417 net.jxta.impl.rendezvous.rpv.PeerView.rescheduleKick()
Line 1303 net.jxta.impl.rendezvous.rpv.PeerView.notifyFailure()
Line 380 net.jxta.impl.rendezvous.rpv.PeerViewElement.getCachedMessenger()
Line 292 net.jxta.impl.rendezvous.rpv.PeerViewElement.sendMessage()
Line 1101 net.jxta.impl.rendezvous.rpv.PeerView.send()
Line 740 net.jxta.impl.rendezvous.rpv.PeerView.handlePeerViewMessage()
Line 666 net.jxta.impl.rendezvous.rpv.PeerView.processIncomingMessage()
Line 1024 net.jxta.impl.endpoint.EndpointServiceImpl.processIncomingMessage()
Line 767 net.jxta.impl.endpoint.mcast.McastTransport.processMulticast()
Line 890 net.jxta.impl.endpoint.mcast.McastTransport$DatagramProcessor.run()
Line 17 net.jxta.impl.util.threads.RunnableAsCallableWrapper.call()
Line 50 net.jxta.impl.util.threads.RunMetricsWrapper.call()
Line 34 net.jxta.impl.util.threads.QueueTimeRunMetricsWrapper.call()
Line 93 net.jxta.impl.util.threads.RunMetricsWrapper.run()
Line 9 net.jxta.impl.util.threads.QueueTimeRunMetricsWrapper.run()
Line 1149 java.util.concurrent.ThreadPoolExecutor.runWorker()
Line 624 java.util.concurrent.ThreadPoolExecutor$Worker.run()
Line 748 java.lang.Thread.run()

]]></system-err>
</testsuite>
