<?xml version="1.0" encoding="UTF-8"?>
<testsuite name="controller.managers.CryptoUserManagerDecoratorTest" tests="4" skipped="0" failures="0" errors="0" timestamp="2017-10-14T14:39:49" hostname="raphael-laptop" time="1.276">
  <properties/>
  <testcase name="test_A_PERSIST_and_END_function" classname="controller.managers.CryptoUserManagerDecoratorTest" time="0.657"/>
  <testcase name="test_C_Hashed_Password_User" classname="controller.managers.CryptoUserManagerDecoratorTest" time="0.016"/>
  <testcase name="test_C_check_Signature_User" classname="controller.managers.CryptoUserManagerDecoratorTest" time="0.041"/>
  <testcase name="test_Z_cleanUsers" classname="controller.managers.CryptoUserManagerDecoratorTest" time="0.558"/>
  <system-out><![CDATA[]]></system-out>
  <system-err><![CDATA[]]></system-err>
</testsuite>
