<?xml version="1.0" encoding="UTF-8"?>
<testsuite name="protocol.impl.sigma.SenderTest" tests="3" skipped="0" failures="0" errors="0" timestamp="2017-10-20T17:48:52" hostname="raphael-laptop" time="0.258">
  <properties/>
  <testcase name="getKeyTest" classname="protocol.impl.sigma.SenderTest" time="0.022"/>
  <testcase name="schnorrResponseTest" classname="protocol.impl.sigma.SenderTest" time="0.079"/>
  <testcase name="CCEResponseTest" classname="protocol.impl.sigma.SenderTest" time="0.155"/>
  <system-out><![CDATA[]]></system-out>
  <system-err><![CDATA[]]></system-err>
</testsuite>
