<?xml version="1.0" encoding="UTF-8"?>
<testsuite name="crypt.impl.signatures.ElGamalSignerTest" tests="20" skipped="0" failures="0" errors="0" timestamp="2017-10-20T17:47:32" hostname="raphael-laptop" time="2.335">
  <properties/>
  <testcase name="testVerifyExceptions2[0]" classname="crypt.impl.signatures.ElGamalSignerTest" time="0.318"/>
  <testcase name="test[0]" classname="crypt.impl.signatures.ElGamalSignerTest" time="0.49"/>
  <testcase name="testSignExceptions2[0]" classname="crypt.impl.signatures.ElGamalSignerTest" time="0.029"/>
  <testcase name="testVerifyExceptions[0]" classname="crypt.impl.signatures.ElGamalSignerTest" time="0.003"/>
  <testcase name="testSignExceptions[0]" classname="crypt.impl.signatures.ElGamalSignerTest" time="0.0"/>
  <testcase name="testVerifyExceptions2[1]" classname="crypt.impl.signatures.ElGamalSignerTest" time="0.015"/>
  <testcase name="test[1]" classname="crypt.impl.signatures.ElGamalSignerTest" time="0.298"/>
  <testcase name="testSignExceptions2[1]" classname="crypt.impl.signatures.ElGamalSignerTest" time="0.016"/>
  <testcase name="testVerifyExceptions[1]" classname="crypt.impl.signatures.ElGamalSignerTest" time="0.002"/>
  <testcase name="testSignExceptions[1]" classname="crypt.impl.signatures.ElGamalSignerTest" time="0.002"/>
  <testcase name="testVerifyExceptions2[2]" classname="crypt.impl.signatures.ElGamalSignerTest" time="0.022"/>
  <testcase name="test[2]" classname="crypt.impl.signatures.ElGamalSignerTest" time="0.628"/>
  <testcase name="testSignExceptions2[2]" classname="crypt.impl.signatures.ElGamalSignerTest" time="0.014"/>
  <testcase name="testVerifyExceptions[2]" classname="crypt.impl.signatures.ElGamalSignerTest" time="0.001"/>
  <testcase name="testSignExceptions[2]" classname="crypt.impl.signatures.ElGamalSignerTest" time="0.003"/>
  <testcase name="testVerifyExceptions2[3]" classname="crypt.impl.signatures.ElGamalSignerTest" time="0.015"/>
  <testcase name="test[3]" classname="crypt.impl.signatures.ElGamalSignerTest" time="0.413"/>
  <testcase name="testSignExceptions2[3]" classname="crypt.impl.signatures.ElGamalSignerTest" time="0.011"/>
  <testcase name="testVerifyExceptions[3]" classname="crypt.impl.signatures.ElGamalSignerTest" time="0.001"/>
  <testcase name="testSignExceptions[3]" classname="crypt.impl.signatures.ElGamalSignerTest" time="0.002"/>
  <system-out><![CDATA[]]></system-out>
  <system-err><![CDATA[]]></system-err>
</testsuite>
