<?xml version="1.0" encoding="UTF-8"?>
<testsuite name="crypt.api.hashs.HasherTest" tests="10" skipped="0" failures="0" errors="0" timestamp="2017-10-14T14:38:24" hostname="raphael-laptop" time="0.785">
  <properties/>
  <testcase name="testDeterminism[0]" classname="crypt.api.hashs.HasherTest" time="0.001"/>
  <testcase name="testHashLength[0]" classname="crypt.api.hashs.HasherTest" time="0.008"/>
  <testcase name="testSaltEffect[0]" classname="crypt.api.hashs.HasherTest" time="0.001"/>
  <testcase name="testHashableHash[0]" classname="crypt.api.hashs.HasherTest" time="0.003"/>
  <testcase name="testForCollisions[0]" classname="crypt.api.hashs.HasherTest" time="0.431"/>
  <testcase name="testDeterminism[1]" classname="crypt.api.hashs.HasherTest" time="0.0"/>
  <testcase name="testHashLength[1]" classname="crypt.api.hashs.HasherTest" time="0.008"/>
  <testcase name="testSaltEffect[1]" classname="crypt.api.hashs.HasherTest" time="0.001"/>
  <testcase name="testHashableHash[1]" classname="crypt.api.hashs.HasherTest" time="0.0"/>
  <testcase name="testForCollisions[1]" classname="crypt.api.hashs.HasherTest" time="0.33"/>
  <system-out><![CDATA[]]></system-out>
  <system-err><![CDATA[]]></system-err>
</testsuite>
