<?xml version="1.0" encoding="UTF-8"?>
<testsuite name="protocol.impl.sigma.SenderReceiverTest" tests="1" skipped="0" failures="0" errors="0" timestamp="2017-10-14T14:39:20" hostname="raphael-laptop" time="0.174">
  <properties/>
  <testcase name="sendingTest" classname="protocol.impl.sigma.SenderReceiverTest" time="0.174"/>
  <system-out><![CDATA[]]></system-out>
  <system-err><![CDATA[]]></system-err>
</testsuite>
