<?xml version="1.0" encoding="UTF-8"?>
<testsuite name="model.entity.sigma.MasksTest" tests="1" skipped="0" failures="0" errors="0" timestamp="2017-11-15T13:31:44" hostname="raphael-laptop" time="0.003">
  <properties/>
  <testcase name="getterSetterTest" classname="model.entity.sigma.MasksTest" time="0.003"/>
  <system-out><![CDATA[]]></system-out>
  <system-err><![CDATA[]]></system-err>
</testsuite>
