<?xml version="1.0" encoding="UTF-8"?>
<testsuite name="network.impl.messages.RequestItemMessageTest" tests="3" skipped="0" failures="0" errors="0" timestamp="2017-10-20T17:49:36" hostname="raphael-laptop" time="0.009">
  <properties/>
  <testcase name="getterTest" classname="network.impl.messages.RequestItemMessageTest" time="0.002"/>
  <testcase name="testFieldExceptions" classname="network.impl.messages.RequestItemMessageTest" time="0.004"/>
  <testcase name="annotationTest" classname="network.impl.messages.RequestItemMessageTest" time="0.002"/>
  <system-out><![CDATA[]]></system-out>
  <system-err><![CDATA[]]></system-err>
</testsuite>
