<?xml version="1.0" encoding="UTF-8"?>
<testsuite name="model.validator.UserValidatorTest" tests="7" skipped="0" failures="0" errors="0" timestamp="2017-10-20T17:47:43" hostname="raphael-laptop" time="1.715">
  <properties/>
  <testcase name="badPasswordHashValidationTest" classname="model.validator.UserValidatorTest" time="1.278"/>
  <testcase name="goodValidationTest" classname="model.validator.UserValidatorTest" time="0.065"/>
  <testcase name="badSaltValidationTest" classname="model.validator.UserValidatorTest" time="0.071"/>
  <testcase name="noEntityTest" classname="model.validator.UserValidatorTest" time="0.002"/>
  <testcase name="badKeyValidationTest" classname="model.validator.UserValidatorTest" time="0.065"/>
  <testcase name="badCreatedAtValidationTest" classname="model.validator.UserValidatorTest" time="0.068"/>
  <testcase name="badNickValidationTest" classname="model.validator.UserValidatorTest" time="0.157"/>
  <system-out><![CDATA[]]></system-out>
  <system-err><![CDATA[]]></system-err>
</testsuite>
