<?xml version="1.0" encoding="UTF-8"?>
<testsuite name="network.impl.messages.RequestItemMessageTest" tests="3" skipped="0" failures="0" errors="0" timestamp="2017-10-14T14:39:58" hostname="raphael-laptop" time="0.024">
  <properties/>
  <testcase name="getterTest" classname="network.impl.messages.RequestItemMessageTest" time="0.002"/>
  <testcase name="testFieldExceptions" classname="network.impl.messages.RequestItemMessageTest" time="0.015"/>
  <testcase name="annotationTest" classname="network.impl.messages.RequestItemMessageTest" time="0.005"/>
  <system-out><![CDATA[]]></system-out>
  <system-err><![CDATA[]]></system-err>
</testsuite>
