<?xml version="1.0" encoding="UTF-8"?>
<testsuite name="protocol.impl.sigma.SenderTest" tests="3" skipped="0" failures="0" errors="0" timestamp="2017-10-14T14:39:20" hostname="raphael-laptop" time="0.234">
  <properties/>
  <testcase name="getKeyTest" classname="protocol.impl.sigma.SenderTest" time="0.019"/>
  <testcase name="schnorrResponseTest" classname="protocol.impl.sigma.SenderTest" time="0.071"/>
  <testcase name="CCEResponseTest" classname="protocol.impl.sigma.SenderTest" time="0.142"/>
  <system-out><![CDATA[]]></system-out>
  <system-err><![CDATA[]]></system-err>
</testsuite>
