<?xml version="1.0" encoding="UTF-8"?>
<testsuite name="rest.impl.SimpleAuthentifierTest" tests="1" skipped="0" failures="0" errors="0" timestamp="2017-10-20T17:47:32" hostname="raphael-laptop" time="0.122">
  <properties/>
  <testcase name="idsGetterTest" classname="rest.impl.SimpleAuthentifierTest" time="0.122"/>
  <system-out><![CDATA[]]></system-out>
  <system-err><![CDATA[]]></system-err>
</testsuite>
