<?xml version="1.0" encoding="UTF-8"?>
<testsuite name="model.entity.sigma.ResponsesSchnorrTest" tests="2" skipped="0" failures="0" errors="0" timestamp="2017-11-15T13:31:45" hostname="raphael-laptop" time="0.057">
  <properties/>
  <testcase name="verifyTest" classname="model.entity.sigma.ResponsesSchnorrTest" time="0.031"/>
  <testcase name="equalTest" classname="model.entity.sigma.ResponsesSchnorrTest" time="0.026"/>
  <system-out><![CDATA[]]></system-out>
  <system-err><![CDATA[]]></system-err>
</testsuite>
