<?xml version="1.0" encoding="UTF-8"?>
<testsuite name="network.impl.advertisement.PeerAdvertisementTest" tests="2" skipped="0" failures="0" errors="0" timestamp="2017-10-20T17:49:50" hostname="raphael-laptop" time="0.052">
  <properties/>
  <testcase name="getterTest" classname="network.impl.advertisement.PeerAdvertisementTest" time="0.001"/>
  <testcase name="fieldsAnnotationsTest" classname="network.impl.advertisement.PeerAdvertisementTest" time="0.051"/>
  <system-out><![CDATA[]]></system-out>
  <system-err><![CDATA[]]></system-err>
</testsuite>
