<?xml version="1.0" encoding="UTF-8"?>
<testsuite name="model.entity.UserTest" tests="3" skipped="0" failures="0" errors="0" timestamp="2017-10-20T17:48:04" hostname="raphael-laptop" time="0.004">
  <properties/>
  <testcase name="classAnnotationsTest" classname="model.entity.UserTest" time="0.001"/>
  <testcase name="fieldsAnnotationsTest" classname="model.entity.UserTest" time="0.002"/>
  <testcase name="gettersTest" classname="model.entity.UserTest" time="0.0"/>
  <system-out><![CDATA[]]></system-out>
  <system-err><![CDATA[]]></system-err>
</testsuite>
