<?xml version="1.0" encoding="UTF-8"?>
<testsuite name="protocol.impl.sigma.ElGamalTest" tests="8" skipped="0" failures="0" errors="0" timestamp="2017-10-20T17:48:51" hostname="raphael-laptop" time="0.652">
  <properties/>
  <testcase name="signatureVerifyTest" classname="protocol.impl.sigma.ElGamalTest" time="0.324"/>
  <testcase name="privateKeyNullExceptionTest" classname="protocol.impl.sigma.ElGamalTest" time="0.01"/>
  <testcase name="encryptDecryptTest" classname="protocol.impl.sigma.ElGamalTest" time="0.039"/>
  <testcase name="verifySignatureException0Test" classname="protocol.impl.sigma.ElGamalTest" time="0.019"/>
  <testcase name="verifySignatureException1Test" classname="protocol.impl.sigma.ElGamalTest" time="0.018"/>
  <testcase name="verifySignatureException2Test" classname="protocol.impl.sigma.ElGamalTest" time="0.018"/>
  <testcase name="verifySignatureException3Test" classname="protocol.impl.sigma.ElGamalTest" time="0.129"/>
  <testcase name="encryptForContractTest" classname="protocol.impl.sigma.ElGamalTest" time="0.089"/>
  <system-out><![CDATA[[EL Info]: connection: 2017-10-20 19:48:51.897--ServerSession(424130312)--/file:/home/raphael/git/ResilientSXP/build/resources/main/_persistence logout successful
]]></system-out>
  <system-err><![CDATA[]]></system-err>
</testsuite>
