<?xml version="1.0" encoding="UTF-8"?>
<testsuite name="protocol.impl.sigma.ElGamalTest" tests="8" skipped="0" failures="0" errors="0" timestamp="2017-10-14T14:39:19" hostname="raphael-laptop" time="0.602">
  <properties/>
  <testcase name="signatureVerifyTest" classname="protocol.impl.sigma.ElGamalTest" time="0.134"/>
  <testcase name="privateKeyNullExceptionTest" classname="protocol.impl.sigma.ElGamalTest" time="0.011"/>
  <testcase name="encryptDecryptTest" classname="protocol.impl.sigma.ElGamalTest" time="0.036"/>
  <testcase name="verifySignatureException0Test" classname="protocol.impl.sigma.ElGamalTest" time="0.014"/>
  <testcase name="verifySignatureException1Test" classname="protocol.impl.sigma.ElGamalTest" time="0.013"/>
  <testcase name="verifySignatureException2Test" classname="protocol.impl.sigma.ElGamalTest" time="0.016"/>
  <testcase name="verifySignatureException3Test" classname="protocol.impl.sigma.ElGamalTest" time="0.288"/>
  <testcase name="encryptForContractTest" classname="protocol.impl.sigma.ElGamalTest" time="0.08"/>
  <system-out><![CDATA[]]></system-out>
  <system-err><![CDATA[]]></system-err>
</testsuite>
