<?xml version="1.0" encoding="UTF-8"?>
<testsuite name="protocol.impl.sigma.SigmaContractTest" tests="9" skipped="0" failures="0" errors="0" timestamp="2017-10-14T14:39:21" hostname="raphael-laptop" time="2.082">
  <properties/>
  <testcase name="setPartiesTest" classname="protocol.impl.sigma.SigmaContractTest" time="0.642"/>
  <testcase name="clausesGetterTest" classname="protocol.impl.sigma.SigmaContractTest" time="0.0"/>
  <testcase name="finalizedTest" classname="protocol.impl.sigma.SigmaContractTest" time="0.722"/>
  <testcase name="getSetStatusTest" classname="protocol.impl.sigma.SigmaContractTest" time="0.0"/>
  <testcase name="getSetWishTest" classname="protocol.impl.sigma.SigmaContractTest" time="0.001"/>
  <testcase name="equalsTest" classname="protocol.impl.sigma.SigmaContractTest" time="0.0"/>
  <testcase name="addSignatureExceptionTest1" classname="protocol.impl.sigma.SigmaContractTest" time="0.133"/>
  <testcase name="addSignatureExceptionTest2" classname="protocol.impl.sigma.SigmaContractTest" time="0.124"/>
  <testcase name="badFinalizationTest" classname="protocol.impl.sigma.SigmaContractTest" time="0.448"/>
  <system-out><![CDATA[]]></system-out>
  <system-err><![CDATA[]]></system-err>
</testsuite>
