<?xml version="1.0" encoding="UTF-8"?>
<testsuite name="model.entity.sigma.ResponsesCCDTest" tests="2" skipped="0" failures="0" errors="0" timestamp="2017-11-15T13:31:45" hostname="raphael-laptop" time="0.27">
  <properties/>
  <testcase name="verifyTest" classname="model.entity.sigma.ResponsesCCDTest" time="0.171"/>
  <testcase name="equalTest" classname="model.entity.sigma.ResponsesCCDTest" time="0.099"/>
  <system-out><![CDATA[]]></system-out>
  <system-err><![CDATA[]]></system-err>
</testsuite>
