<?xml version="1.0" encoding="UTF-8"?>
<testsuite name="model.entity.sigma.OrTest" tests="3" skipped="0" failures="0" errors="0" timestamp="2017-10-14T14:38:47" hostname="raphael-laptop" time="0.475">
  <properties/>
  <testcase name="badVerifyTest" classname="model.entity.sigma.OrTest" time="0.221"/>
  <testcase name="goodVerifyTest" classname="model.entity.sigma.OrTest" time="0.168"/>
  <testcase name="getterSetterTest" classname="model.entity.sigma.OrTest" time="0.085"/>
  <system-out><![CDATA[]]></system-out>
  <system-err><![CDATA[]]></system-err>
</testsuite>
