<?xml version="1.0" encoding="UTF-8"?>
<testsuite name="protocol.impl.sigma.SenderReceiverTest" tests="1" skipped="0" failures="0" errors="0" timestamp="2017-11-15T13:32:36" hostname="raphael-laptop" time="0.163">
  <properties/>
  <testcase name="sendingTest" classname="protocol.impl.sigma.SenderReceiverTest" time="0.163"/>
  <system-out><![CDATA[]]></system-out>
  <system-err><![CDATA[]]></system-err>
</testsuite>
