<?xml version="1.0" encoding="UTF-8"?>
<testsuite name="crypt.impl.hashs.SHA256HasherTest" tests="10" skipped="0" failures="0" errors="0" timestamp="2017-10-14T14:38:18" hostname="raphael-laptop" time="1.662">
  <properties/>
  <testcase name="testDeterminism[0]" classname="crypt.impl.hashs.SHA256HasherTest" time="0.002"/>
  <testcase name="testHashLength[0]" classname="crypt.impl.hashs.SHA256HasherTest" time="0.01"/>
  <testcase name="testSaltEffect[0]" classname="crypt.impl.hashs.SHA256HasherTest" time="0.002"/>
  <testcase name="testHashableHash[0]" classname="crypt.impl.hashs.SHA256HasherTest" time="0.004"/>
  <testcase name="testForCollisions[0]" classname="crypt.impl.hashs.SHA256HasherTest" time="0.959"/>
  <testcase name="testDeterminism[1]" classname="crypt.impl.hashs.SHA256HasherTest" time="0.002"/>
  <testcase name="testHashLength[1]" classname="crypt.impl.hashs.SHA256HasherTest" time="0.003"/>
  <testcase name="testSaltEffect[1]" classname="crypt.impl.hashs.SHA256HasherTest" time="0.001"/>
  <testcase name="testHashableHash[1]" classname="crypt.impl.hashs.SHA256HasherTest" time="0.015"/>
  <testcase name="testForCollisions[1]" classname="crypt.impl.hashs.SHA256HasherTest" time="0.651"/>
  <system-out><![CDATA[]]></system-out>
  <system-err><![CDATA[]]></system-err>
</testsuite>
