<?xml version="1.0" encoding="UTF-8"?>
<testsuite name="model.entity.sigma.ResponsesCCDTest" tests="2" skipped="0" failures="0" errors="0" timestamp="2017-10-20T17:48:05" hostname="raphael-laptop" time="0.265">
  <properties/>
  <testcase name="verifyTest" classname="model.entity.sigma.ResponsesCCDTest" time="0.169"/>
  <testcase name="equalTest" classname="model.entity.sigma.ResponsesCCDTest" time="0.096"/>
  <system-out><![CDATA[]]></system-out>
  <system-err><![CDATA[]]></system-err>
</testsuite>
