<?xml version="1.0" encoding="UTF-8"?>
<testsuite name="crypt.impl.signatures.ElGamalSignerTest" tests="20" skipped="0" failures="0" errors="0" timestamp="2017-10-14T14:38:12" hostname="raphael-laptop" time="3.489">
  <properties/>
  <testcase name="testVerifyExceptions2[0]" classname="crypt.impl.signatures.ElGamalSignerTest" time="0.294"/>
  <testcase name="test[0]" classname="crypt.impl.signatures.ElGamalSignerTest" time="0.728"/>
  <testcase name="testSignExceptions2[0]" classname="crypt.impl.signatures.ElGamalSignerTest" time="0.038"/>
  <testcase name="testVerifyExceptions[0]" classname="crypt.impl.signatures.ElGamalSignerTest" time="0.002"/>
  <testcase name="testSignExceptions[0]" classname="crypt.impl.signatures.ElGamalSignerTest" time="0.003"/>
  <testcase name="testVerifyExceptions2[1]" classname="crypt.impl.signatures.ElGamalSignerTest" time="0.02"/>
  <testcase name="test[1]" classname="crypt.impl.signatures.ElGamalSignerTest" time="0.669"/>
  <testcase name="testSignExceptions2[1]" classname="crypt.impl.signatures.ElGamalSignerTest" time="0.011"/>
  <testcase name="testVerifyExceptions[1]" classname="crypt.impl.signatures.ElGamalSignerTest" time="0.006"/>
  <testcase name="testSignExceptions[1]" classname="crypt.impl.signatures.ElGamalSignerTest" time="0.001"/>
  <testcase name="testVerifyExceptions2[2]" classname="crypt.impl.signatures.ElGamalSignerTest" time="0.017"/>
  <testcase name="test[2]" classname="crypt.impl.signatures.ElGamalSignerTest" time="0.444"/>
  <testcase name="testSignExceptions2[2]" classname="crypt.impl.signatures.ElGamalSignerTest" time="0.01"/>
  <testcase name="testVerifyExceptions[2]" classname="crypt.impl.signatures.ElGamalSignerTest" time="0.001"/>
  <testcase name="testSignExceptions[2]" classname="crypt.impl.signatures.ElGamalSignerTest" time="0.003"/>
  <testcase name="testVerifyExceptions2[3]" classname="crypt.impl.signatures.ElGamalSignerTest" time="0.013"/>
  <testcase name="test[3]" classname="crypt.impl.signatures.ElGamalSignerTest" time="1.164"/>
  <testcase name="testSignExceptions2[3]" classname="crypt.impl.signatures.ElGamalSignerTest" time="0.015"/>
  <testcase name="testVerifyExceptions[3]" classname="crypt.impl.signatures.ElGamalSignerTest" time="0.002"/>
  <testcase name="testSignExceptions[3]" classname="crypt.impl.signatures.ElGamalSignerTest" time="0.004"/>
  <system-out><![CDATA[]]></system-out>
  <system-err><![CDATA[]]></system-err>
</testsuite>
