<?xml version="1.0" encoding="UTF-8"?>
<testsuite name="model.entity.sigma.ResEncryptTest" tests="2" skipped="0" failures="0" errors="0" timestamp="2017-10-14T14:38:48" hostname="raphael-laptop" time="0.014">
  <properties/>
  <testcase name="toStringTest" classname="model.entity.sigma.ResEncryptTest" time="0.001"/>
  <testcase name="getterSetterTest" classname="model.entity.sigma.ResEncryptTest" time="0.011"/>
  <system-out><![CDATA[]]></system-out>
  <system-err><![CDATA[]]></system-err>
</testsuite>
