<?xml version="1.0" encoding="UTF-8"?>
<testsuite name="network.impl.advertisement.UserAdvertisementTest" tests="2" skipped="0" failures="0" errors="0" timestamp="2017-11-15T13:33:25" hostname="raphael-laptop" time="0.002">
  <properties/>
  <testcase name="getterTest" classname="network.impl.advertisement.UserAdvertisementTest" time="0.001"/>
  <testcase name="fieldsAnnotationsTest" classname="network.impl.advertisement.UserAdvertisementTest" time="0.0"/>
  <system-out><![CDATA[]]></system-out>
  <system-err><![CDATA[]]></system-err>
</testsuite>
