<?xml version="1.0" encoding="UTF-8"?>
<testsuite name="controller.managers.CryptoItemManagerDecoratorTest" tests="7" skipped="0" failures="0" errors="0" timestamp="2017-11-15T13:33:05" hostname="raphael-laptop" time="1.217">
  <properties/>
  <testcase name="test_A_PERSIST_and_END_function" classname="controller.managers.CryptoItemManagerDecoratorTest" time="0.32"/>
  <testcase name="test_B_check_Signature_Item" classname="controller.managers.CryptoItemManagerDecoratorTest" time="0.044"/>
  <testcase name="test_C_findAllByAttribute" classname="controller.managers.CryptoItemManagerDecoratorTest" time="0.063"/>
  <testcase name="test_D_findOneById" classname="controller.managers.CryptoItemManagerDecoratorTest" time="0.087"/>
  <testcase name="test_E_findOneByAttribute" classname="controller.managers.CryptoItemManagerDecoratorTest" time="0.089"/>
  <testcase name="test_F_getItemWithBadSignature" classname="controller.managers.CryptoItemManagerDecoratorTest" time="0.214"/>
  <testcase name="test_Z_cleanItems" classname="controller.managers.CryptoItemManagerDecoratorTest" time="0.384"/>
  <system-out><![CDATA[]]></system-out>
  <system-err><![CDATA[]]></system-err>
</testsuite>
