<?xml version="1.0" encoding="UTF-8"?>
<testsuite name="crypt.utils.BigIntegerRandomTest" tests="1" skipped="0" failures="0" errors="0" timestamp="2017-10-20T17:47:41" hostname="raphael-laptop" time="0.006">
  <properties/>
  <testcase name="testRand" classname="crypt.utils.BigIntegerRandomTest" time="0.006"/>
  <system-out><![CDATA[]]></system-out>
  <system-err><![CDATA[]]></system-err>
</testsuite>
