<?xml version="1.0" encoding="UTF-8"?>
<testsuite name="crypt.base.BaseSignatureTest" tests="1" skipped="0" failures="0" errors="0" timestamp="2017-10-20T17:47:41" hostname="raphael-laptop" time="0.002">
  <properties/>
  <testcase name="testGetParam" classname="crypt.base.BaseSignatureTest" time="0.002"/>
  <system-out><![CDATA[]]></system-out>
  <system-err><![CDATA[]]></system-err>
</testsuite>
