<?xml version="1.0" encoding="UTF-8"?>
<testsuite name="crypt.ElGamalEngineTestK" tests="3" skipped="0" failures="0" errors="0" timestamp="2017-11-15T13:31:20" hostname="raphael-laptop" time="1.354">
  <properties/>
  <testcase name="badParamsException1" classname="crypt.ElGamalEngineTestK" time="0.003"/>
  <testcase name="badParamsException2" classname="crypt.ElGamalEngineTestK" time="0.0"/>
  <testcase name="performTest" classname="crypt.ElGamalEngineTestK" time="1.343"/>
  <system-out><![CDATA[]]></system-out>
  <system-err><![CDATA[]]></system-err>
</testsuite>
