<?xml version="1.0" encoding="UTF-8"?>
<testsuite name="model.entity.ItemTest" tests="3" skipped="0" failures="0" errors="0" timestamp="2017-11-15T13:31:44" hostname="raphael-laptop" time="0.013">
  <properties/>
  <testcase name="fieldAnnotationsTest" classname="model.entity.ItemTest" time="0.002"/>
  <testcase name="classAnnotationsTest" classname="model.entity.ItemTest" time="0.001"/>
  <testcase name="gettersTest" classname="model.entity.ItemTest" time="0.008"/>
  <system-out><![CDATA[]]></system-out>
  <system-err><![CDATA[]]></system-err>
</testsuite>
