<?xml version="1.0" encoding="UTF-8"?>
<testsuite name="protocol.impl.sigma.ElGamalEncryptTest" tests="2" skipped="0" failures="0" errors="0" timestamp="2017-10-20T17:48:52" hostname="raphael-laptop" time="0.001">
  <properties/>
  <testcase name="gettertest" classname="protocol.impl.sigma.ElGamalEncryptTest" time="0.001"/>
  <testcase name="setMTest" classname="protocol.impl.sigma.ElGamalEncryptTest" time="0.0"/>
  <system-out><![CDATA[]]></system-out>
  <system-err><![CDATA[]]></system-err>
</testsuite>
