<?xml version="1.0" encoding="UTF-8"?>
<testsuite name="model.syncManager.UserSyncManagerImplTest" tests="4" skipped="0" failures="0" errors="0" timestamp="2017-11-15T13:31:25" hostname="raphael-laptop" time="18.017">
  <properties/>
  <testcase name="testA" classname="model.syncManager.UserSyncManagerImplTest" time="16.501"/>
  <testcase name="testB" classname="model.syncManager.UserSyncManagerImplTest" time="0.258"/>
  <testcase name="testC" classname="model.syncManager.UserSyncManagerImplTest" time="1.025"/>
  <testcase name="testD" classname="model.syncManager.UserSyncManagerImplTest" time="0.217"/>
  <system-out><![CDATA[[EL Info]: 2017-11-15 14:31:27.349--ServerSession(287586667)--EclipseLink, version: Eclipse Persistence Services - 2.6.3.v20160218-180e602
[EL Info]: connection: 2017-11-15 14:31:39.638--ServerSession(287586667)--/file:/home/raphael/git/SXP/build/resources/main/_persistence login successful
javax.validation.ConstraintViolationException: Bean Validation constraint(s) violated while executing Automatic Bean Validation on callback event:'prePersist'. Please refer to embedded ConstraintViolations for details.
]]></system-out>
  <system-err><![CDATA[]]></system-err>
</testsuite>
