<?xml version="1.0" encoding="UTF-8"?>
<testsuite name="model.entity.LoginTokenTest" tests="2" skipped="0" failures="0" errors="0" timestamp="2017-10-20T17:48:04" hostname="raphael-laptop" time="0.01">
  <properties/>
  <testcase name="classAnnotationsTest" classname="model.entity.LoginTokenTest" time="0.008"/>
  <testcase name="gettersTest" classname="model.entity.LoginTokenTest" time="0.001"/>
  <system-out><![CDATA[]]></system-out>
  <system-err><![CDATA[]]></system-err>
</testsuite>
