<?xml version="1.0" encoding="UTF-8"?>
<testsuite name="crypt.api.key.AsymKeyTest" tests="10" skipped="0" failures="0" errors="0" timestamp="2017-10-20T17:47:43" hostname="raphael-laptop" time="0.14">
  <properties/>
  <testcase name="testAsymKey[0]" classname="crypt.api.key.AsymKeyTest" time="0.011"/>
  <testcase name="testAsymKey[1]" classname="crypt.api.key.AsymKeyTest" time="0.011"/>
  <testcase name="testAsymKey[2]" classname="crypt.api.key.AsymKeyTest" time="0.01"/>
  <testcase name="testAsymKey[3]" classname="crypt.api.key.AsymKeyTest" time="0.01"/>
  <testcase name="testAsymKey[4]" classname="crypt.api.key.AsymKeyTest" time="0.011"/>
  <testcase name="testAsymKey[5]" classname="crypt.api.key.AsymKeyTest" time="0.013"/>
  <testcase name="testAsymKey[6]" classname="crypt.api.key.AsymKeyTest" time="0.012"/>
  <testcase name="testAsymKey[7]" classname="crypt.api.key.AsymKeyTest" time="0.01"/>
  <testcase name="testAsymKey[8]" classname="crypt.api.key.AsymKeyTest" time="0.013"/>
  <testcase name="testAsymKey[9]" classname="crypt.api.key.AsymKeyTest" time="0.015"/>
  <system-out><![CDATA[]]></system-out>
  <system-err><![CDATA[]]></system-err>
</testsuite>
