<?xml version="1.0" encoding="UTF-8"?>
<testsuite name="protocol.impl.sigma.TrentTest" tests="4" skipped="0" failures="0" errors="0" timestamp="2017-11-15T13:32:35" hostname="raphael-laptop" time="0.189">
  <properties/>
  <testcase name="getterTest" classname="protocol.impl.sigma.TrentTest" time="0.001"/>
  <testcase name="sendResponseTest2" classname="protocol.impl.sigma.TrentTest" time="0.073"/>
  <testcase name="sendResponseTest" classname="protocol.impl.sigma.TrentTest" time="0.081"/>
  <testcase name="decryptionTest" classname="protocol.impl.sigma.TrentTest" time="0.03"/>
  <system-out><![CDATA[]]></system-out>
  <system-err><![CDATA[]]></system-err>
</testsuite>
