<?xml version="1.0" encoding="UTF-8"?>
<testsuite name="protocol.impl.sigma.ReceiverTest" tests="2" skipped="0" failures="0" errors="0" timestamp="2017-11-15T13:32:35" hostname="raphael-laptop" time="0.353">
  <properties/>
  <testcase name="singleResponseVerifyTest" classname="protocol.impl.sigma.ReceiverTest" time="0.128"/>
  <testcase name="multipleResponseVerifyTest" classname="protocol.impl.sigma.ReceiverTest" time="0.223"/>
  <system-out><![CDATA[]]></system-out>
  <system-err><![CDATA[]]></system-err>
</testsuite>
