<?xml version="1.0" encoding="UTF-8"?>
<testsuite name="model.validator.UserValidatorTest" tests="7" skipped="0" failures="0" errors="0" timestamp="2017-10-14T14:38:25" hostname="raphael-laptop" time="1.464">
  <properties/>
  <testcase name="badPasswordHashValidationTest" classname="model.validator.UserValidatorTest" time="1.228"/>
  <testcase name="goodValidationTest" classname="model.validator.UserValidatorTest" time="0.039"/>
  <testcase name="badSaltValidationTest" classname="model.validator.UserValidatorTest" time="0.03"/>
  <testcase name="noEntityTest" classname="model.validator.UserValidatorTest" time="0.002"/>
  <testcase name="badKeyValidationTest" classname="model.validator.UserValidatorTest" time="0.035"/>
  <testcase name="badCreatedAtValidationTest" classname="model.validator.UserValidatorTest" time="0.029"/>
  <testcase name="badNickValidationTest" classname="model.validator.UserValidatorTest" time="0.086"/>
  <system-out><![CDATA[]]></system-out>
  <system-err><![CDATA[]]></system-err>
</testsuite>
