<?xml version="1.0" encoding="UTF-8"?>
<testsuite name="protocol.impl.sigma.PCSTest" tests="4" skipped="0" failures="0" errors="0" timestamp="2017-10-14T14:39:19" hostname="raphael-laptop" time="0.229">
  <properties/>
  <testcase name="TestAa" classname="protocol.impl.sigma.PCSTest" time="0.05"/>
  <testcase name="TestAb" classname="protocol.impl.sigma.PCSTest" time="0.06"/>
  <testcase name="TestBa" classname="protocol.impl.sigma.PCSTest" time="0.063"/>
  <testcase name="TestBb" classname="protocol.impl.sigma.PCSTest" time="0.054"/>
  <system-out><![CDATA[---- Begining ----
 -->No need to worry, the following 3 lines are meant to be
---- END ----

---- Begining ----
 -->No need to worry, the following 3 lines are meant to be
---- END ----
]]></system-out>
  <system-err><![CDATA[]]></system-err>
</testsuite>
