<?xml version="1.0" encoding="UTF-8"?>
<testsuite name="controller.managers.CryptoItemManagerDecoratorTest" tests="7" skipped="0" failures="0" errors="0" timestamp="2017-11-09T16:26:56" hostname="raphael-laptop" time="0.897">
  <properties/>
  <testcase name="test_A_PERSIST_and_END_function" classname="controller.managers.CryptoItemManagerDecoratorTest" time="0.337"/>
  <testcase name="test_B_check_Signature_Item" classname="controller.managers.CryptoItemManagerDecoratorTest" time="0.041"/>
  <testcase name="test_C_findAllByAttribute" classname="controller.managers.CryptoItemManagerDecoratorTest" time="0.065"/>
  <testcase name="test_D_findOneById" classname="controller.managers.CryptoItemManagerDecoratorTest" time="0.069"/>
  <testcase name="test_E_findOneByAttribute" classname="controller.managers.CryptoItemManagerDecoratorTest" time="0.074"/>
  <testcase name="test_F_getItemWithBadSignature" classname="controller.managers.CryptoItemManagerDecoratorTest" time="0.196"/>
  <testcase name="test_Z_cleanItems" classname="controller.managers.CryptoItemManagerDecoratorTest" time="0.11"/>
  <system-out><![CDATA[]]></system-out>
  <system-err><![CDATA[]]></system-err>
</testsuite>
