<?xml version="1.0" encoding="UTF-8"?>
<testsuite name="model.entity.sigma.MasksTest" tests="1" skipped="0" failures="0" errors="0" timestamp="2017-10-14T14:38:47" hostname="raphael-laptop" time="0.001">
  <properties/>
  <testcase name="getterSetterTest" classname="model.entity.sigma.MasksTest" time="0.001"/>
  <system-out><![CDATA[]]></system-out>
  <system-err><![CDATA[]]></system-err>
</testsuite>
