<?xml version="1.0" encoding="UTF-8"?>
<testsuite name="rest.impl.SimpleAuthentifierTest" tests="1" skipped="0" failures="0" errors="0" timestamp="2017-11-15T13:31:10" hostname="raphael-laptop" time="0.153">
  <properties/>
  <testcase name="idsGetterTest" classname="rest.impl.SimpleAuthentifierTest" time="0.153"/>
  <system-out><![CDATA[]]></system-out>
  <system-err><![CDATA[]]></system-err>
</testsuite>
