<?xml version="1.0" encoding="UTF-8"?>
<testsuite name="model.entity.sigma.ResponsesSchnorrTest" tests="2" skipped="0" failures="0" errors="0" timestamp="2017-10-14T14:38:48" hostname="raphael-laptop" time="0.071">
  <properties/>
  <testcase name="verifyTest" classname="model.entity.sigma.ResponsesSchnorrTest" time="0.04"/>
  <testcase name="equalTest" classname="model.entity.sigma.ResponsesSchnorrTest" time="0.03"/>
  <system-out><![CDATA[]]></system-out>
  <system-err><![CDATA[]]></system-err>
</testsuite>
