<?xml version="1.0" encoding="UTF-8"?>
<testsuite name="crypt.utils.CryptoParserTest" tests="5" skipped="0" failures="0" errors="0" timestamp="2017-10-20T17:47:39" hostname="raphael-laptop" time="1.976">
  <properties/>
  <testcase name="test_A_HashUser" classname="crypt.utils.CryptoParserTest" time="0.064"/>
  <testcase name="test_B_SignuatureUser" classname="crypt.utils.CryptoParserTest" time="0.458"/>
  <testcase name="test_C_signatureItem" classname="crypt.utils.CryptoParserTest" time="1.065"/>
  <testcase name="test_D_signMessage" classname="crypt.utils.CryptoParserTest" time="0.223"/>
  <testcase name="test_E_cryptAndDecryptMessage" classname="crypt.utils.CryptoParserTest" time="0.144"/>
  <system-out><![CDATA[]]></system-out>
  <system-err><![CDATA[]]></system-err>
</testsuite>
