<?xml version="1.0" encoding="UTF-8"?>
<testsuite name="network.utils.IpCheckerTest" tests="1" skipped="0" failures="0" errors="0" timestamp="2017-11-15T13:33:25" hostname="raphael-laptop" time="0.116">
  <properties/>
  <testcase name="test" classname="network.utils.IpCheckerTest" time="0.116"/>
  <system-out><![CDATA[]]></system-out>
  <system-err><![CDATA[]]></system-err>
</testsuite>
