<?xml version="1.0" encoding="UTF-8"?>
<testsuite name="protocol.impl.sigma.ElGamalEncryptTest" tests="2" skipped="0" failures="0" errors="0" timestamp="2017-10-14T14:39:20" hostname="raphael-laptop" time="0.005">
  <properties/>
  <testcase name="gettertest" classname="protocol.impl.sigma.ElGamalEncryptTest" time="0.002"/>
  <testcase name="setMTest" classname="protocol.impl.sigma.ElGamalEncryptTest" time="0.002"/>
  <system-out><![CDATA[]]></system-out>
  <system-err><![CDATA[]]></system-err>
</testsuite>
